<?xml version="1.0" encoding="UTF-8"?>
<!-- Generated by org.testng.reporters.JUnitReportReporter -->
<testsuite hostname="rakeshs-MacBook-Air.local" failures="0" tests="1" name="TestNG.Class" time="0.002" errors="0" timestamp="2020-04-25T00:54:12 BST" skipped="0">
  <testcase classname="TestNG.Class" name="f" time="0.002"/>
  <system-out/>
</testsuite> <!-- TestNG.Class -->
