<?xml version="1.0" encoding="UTF-8"?>
<!-- Generated by org.testng.reporters.JUnitReportReporter -->
<testsuite hostname="rakeshs-MacBook-Air.local" failures="0" tests="1" name="TestNG.NewTest" time="3.503" errors="0" timestamp="2020-04-25T00:54:12 BST" skipped="0">
  <testcase classname="TestNG.NewTest" name="f" time="3.503"/>
  <system-out/>
</testsuite> <!-- TestNG.NewTest -->
