<?xml version="1.0" encoding="UTF-8"?>
<!-- Generated by org.testng.reporters.JUnitReportReporter -->
<testsuite hostname="rakeshs-MacBook-Air.local" failures="0" tests="3" name="TestNG.PriorityAttribute" time="8.290" errors="0" timestamp="2020-04-25T00:54:12 BST" skipped="0">
  <testcase classname="TestNG.PriorityAttribute" name="LuanchBrowser" time="5.064"/>
  <system-out/>
  <testcase classname="TestNG.PriorityAttribute" name="VerifyTitle" time="3.037"/>
  <system-out/>
  <testcase classname="TestNG.PriorityAttribute" name="CloseBrowser" time="0.189"/>
  <system-out/>
</testsuite> <!-- TestNG.PriorityAttribute -->
