<?xml version="1.0" encoding="UTF-8"?>
<!-- Generated by org.testng.reporters.JUnitReportReporter -->
<testsuite hostname="rakeshs-MacBook-Air.local" failures="0" tests="3" name="TestNG.Class1" time="0.005" errors="0" timestamp="2020-04-25T00:54:12 BST" skipped="0">
  <testcase classname="TestNG.Class1" name="AddVendor" time="0.001"/>
  <system-out/>
  <testcase classname="TestNG.Class1" name="AddProduct" time="0.002"/>
  <system-out/>
  <testcase classname="TestNG.Class1" name="AddCurrency" time="0.002"/>
  <system-out/>
</testsuite> <!-- TestNG.Class1 -->
