<?xml version="1.0" encoding="UTF-8"?>
<!-- Generated by org.testng.reporters.JUnitReportReporter -->
<testsuite hostname="rakeshs-MacBook-Air.local" failures="0" tests="3" name="TestNG.Class2" time="0.009" errors="0" timestamp="2020-04-25T00:54:12 BST" skipped="0">
  <testcase classname="TestNG.Class2" name="DeleteVendor" time="0.003"/>
  <system-out/>
  <testcase classname="TestNG.Class2" name="DeleteProduct" time="0.004"/>
  <system-out/>
  <testcase classname="TestNG.Class2" name="DeleteCurrency" time="0.002"/>
  <system-out/>
</testsuite> <!-- TestNG.Class2 -->
