<?xml version="1.0" encoding="UTF-8"?>
<!-- Generated by org.testng.reporters.JUnitReportReporter -->
<testsuite hostname="rakeshs-Air" failures="0" tests="1" name="HandlingElements.NewTest" time="5.459" errors="0" timestamp="2020-04-18T11:21:04 BST" skipped="0">
  <testcase classname="HandlingElements.NewTest" name="f" time="5.459"/>
  <system-out/>
</testsuite> <!-- HandlingElements.NewTest -->
