<?xml version="1.0" encoding="UTF-8"?>
<!-- Generated by org.testng.reporters.JUnitReportReporter -->
<testsuite hostname="rakeshs-Air" failures="0" tests="2" name="TestNG.DataDrivenExcel" time="11.059" errors="0" timestamp="2020-05-10T16:21:16 BST" skipped="0">
  <testcase classname="TestNG.DataDrivenExcel" name="login" time="6.337"/>
  <system-out/>
  <testcase classname="TestNG.DataDrivenExcel" name="login" time="4.722"/>
  <system-out/>
</testsuite> <!-- TestNG.DataDrivenExcel -->
