<?xml version="1.0" encoding="UTF-8"?>
<!-- Generated by org.testng.reporters.JUnitReportReporter -->
<testsuite hostname="rakeshs-MacBook-Air.local" failures="0" tests="3" name="TestNG.MultipleTestcases" time="4.633" errors="0" timestamp="2020-04-25T00:54:12 BST" skipped="0">
  <testcase classname="TestNG.MultipleTestcases" name="ZloseBrowser" time="0.172"/>
  <system-out/>
  <testcase classname="TestNG.MultipleTestcases" name="VerifyTitle" time="2.759"/>
  <system-out/>
  <testcase classname="TestNG.MultipleTestcases" name="LuanchBrowser" time="1.702"/>
  <system-out/>
</testsuite> <!-- TestNG.MultipleTestcases -->
